C51 COMPILER V9.01   MAIN                                                                  12/08/2018 20:08:35 PAGE 1   


C51 COMPILER V9.01, COMPILATION OF MODULE MAIN
OBJECT MODULE PLACED IN main.OBJ
COMPILER INVOKED BY: C:\Keil\C51\BIN\C51.EXE main.c BROWSE DEBUG OBJECTEXTEND

line level    source

   1          #include "key.h"
   2          #include "serial.h"
   3          
   4          #define STATE_WAITING 0
   5          #define STATE_VALIAD 1
   6          #define STATE_INVALIAD 2
   7          #define STATE_RESETTING 66
   8          
   9          u8 curPos = 0;
  10          u8 password[8] = {6,6,6,6,6,6,6,6};
  11          u8 first_time = 1;
  12          u8 info_true[8] = {26, 26, 26, 26, 26, 26, 26, 26};
  13          u8 info_false[8] = {15, 15, 15, 15, 15, 15, 15, 15};
  14          u8 i;
  15          u8 reset_pos = 0;
  16          u8 info_waitting[8] = {DIS_, DIS_DOT,DIS_,DIS_DOT,DIS_, DIS_DOT,DIS_};
  17          
  18          u8 truePassword[8] = {1, 2, 3, 4, 5, 6, 7, 8};
  19          u8 state = 0;
  20          
  21          
  22          void DisplayInfo(u8* info) {
  23   1          u8 i;
  24   1          for(i = 0; i < 8; i++) {
  25   2              LED8[i] = info[i];
  26   2          }
  27   1      }
  28          
  29          u8 checkPassword() {
  30   1          u8 i;
  31   1          for(i = 0; i < 8; i++) {
  32   2              if(password[i] != truePassword[i]) {
  33   3                  return 0;
  34   3              }
  35   2          }
  36   1          return 1;
  37   1      }
  38          
  39          void main(void) {
  40   1          //u8 send_buffer[2];
  41   1          u8 remoteKeyCode = 0;
  42   1          serial_init();
  43   1          // reset_led();
  44   1          key_init();
  45   1          msecond = 0;
  46   1      
  47   1          while(1)
  48   1          {
  49   2              if((TX1_Cnt != RX1_Cnt) && (!B_TX1_Busy))
  50   2              {
  51   3                  remoteKeyCode = RX1_Buffer[TX1_Cnt];
  52   3                  if(++TX1_Cnt >= UART1_BUF_LENGTH)   TX1_Cnt = 0;
  53   3              }
  54   2      
  55   2              if(B_1ms)   
C51 COMPILER V9.01   MAIN                                                                  12/08/2018 20:08:35 PAGE 2   

  56   2              {
  57   3                  B_1ms = 0;
  58   3                  if(++msecond >= 200)
  59   3                  {
  60   4                      msecond = 0;
  61   4                      switch(state) {
  62   5                          case STATE_WAITING:
  63   5                              DisplayInfo(info_waitting);
  64   5                              break;
  65   5                          case STATE_VALIAD:
  66   5                              DisplayInfo(info_true);
  67   5                              break;
  68   5                          case STATE_INVALIAD:
  69   5                              DisplayInfo(info_false);                        
  70   5                              break;
  71   5                          case STATE_RESETTING:
  72   5                              DisplayInfo(truePassword);
  73   5                          default: break;
  74   5                      }
  75   4                  }
  76   3      
  77   3                  if(++cnt50ms >= 50)
  78   3                  {
  79   4                      cnt50ms = 0;
  80   4                      IO_KeyScan();
  81   4                  }
  82   3      
  83   3                  if(curPos == 8) {
  84   4                      curPos = 0;
  85   4                      if(checkPassword()) {
  86   5                          state = STATE_VALIAD;
  87   5                          PrintU8('t');
  88   5                      }
  89   4                      else{
  90   5                          state = STATE_INVALIAD;
  91   5                          PrintU8('f');                                        
  92   5                      }
  93   4                  }
  94   3      
  95   3                  if(remoteKeyCode != 255)
  96   3                  {
  97   4                      if(state != STATE_RESETTING && remoteKeyCode >= 0 && remoteKeyCode <= 9) {
  98   5                          if(first_time == 1) {
  99   6                              first_time = 0;
 100   6                          } else {
 101   6                              state = STATE_WAITING;
 102   6                              password[curPos] = remoteKeyCode;
 103   6                              curPos ++;
 104   6                          }
 105   5                      } else if (remoteKeyCode == STATE_RESETTING) {
 106   5                          state = STATE_RESETTING;
 107   5                          //u8 i;
 108   5                          for(i = 0; i < 8;i++){
 109   6                              truePassword[i] = 17;
 110   6                          }
 111   5                      } else if(state == STATE_RESETTING && remoteKeyCode > STATE_RESETTING && remoteKeyCode <= 
             -STATE_RESETTING + 10) {
 112   5                          truePassword[reset_pos++] = remoteKeyCode - 67;
 113   5                          if(reset_pos == 8) {
 114   6                              reset_pos = 0;
 115   6                              PrintU8('r');
 116   6                              state = STATE_WAITING;
C51 COMPILER V9.01   MAIN                                                                  12/08/2018 20:08:35 PAGE 3   

 117   6                          }
 118   5                      }
 119   4                      remoteKeyCode = 255;
 120   4                  }
 121   3      
 122   3                  if(KeyCode != 0)
 123   3                  {
 124   4                      if (KeyCode == 27) {
 125   5                          state = STATE_RESETTING;
 126   5                          //u8 i;
 127   5                          for(i = 0; i < 8;i++){
 128   6                              truePassword[i] = 17;
 129   6                          }
 130   5                      } else if(state == STATE_RESETTING && KeyCode >= 17 && KeyCode <= 17 + 9) {
 131   5                          truePassword[reset_pos++] = KeyCode - 17;
 132   5                          if(reset_pos == 8) {
 133   6                              reset_pos = 0;
 134   6                              state = STATE_WAITING;         
 135   6                          }
 136   5                      }
 137   4                      KeyCode = 0;
 138   4                  }
 139   3              }
 140   2          }
 141   1      }
 142          
 143          
 144          


MODULE INFORMATION:   STATIC OVERLAYABLE
   CODE SIZE        =   1443    ----
   CONSTANT SIZE    =     67    ----
   XDATA SIZE       =   ----    ----
   PDATA SIZE       =   ----    ----
   DATA SIZE        =     67      20
   IDATA SIZE       =     32    ----
   BIT SIZE         =      2    ----
END OF MODULE INFORMATION.


C51 COMPILATION COMPLETE.  0 WARNING(S),  0 ERROR(S)
