C51 COMPILER V9.01   MAIN                                                                  12/04/2018 22:32:28 PAGE 1   


C51 COMPILER V9.01, COMPILATION OF MODULE MAIN
OBJECT MODULE PLACED IN main.OBJ
COMPILER INVOKED BY: C:\Keil\C51\BIN\C51.EXE main.c BROWSE DEBUG OBJECTEXTEND

line level    source

   1          #include "key.h"
   2          #include "serial.h"
   3          
   4          #define STATE_INPUTTING 0
   5          #define STATE_VALIAD 1
   6          #define STATE_INVALIAD 2
   7          
   8          u8 curPos = 0;
   9          u8 first_time = 1;
  10          u8 info_true[8] = {26, 26, 26, 26, 26, 26, 26, 26};
  11          u8 info_false[8] = {15, 15, 15, 15, 15, 15, 15, 15};
  12          u8 state = 0;
  13          u8 password[8];
  14          
  15          void reset_led(){
  16   1          u8 i;
  17   1          for(i=0;i<8;i++){
  18   2              LED8[i] = DIS_;
  19   2          }
  20   1      }
  21          
  22          void DisplayInfo(u8* info) {
  23   1          u8 i;
  24   1          for(i = 0; i < 8; i++) {
  25   2              LED8[i] = info[i];
  26   2          }
  27   1      }
  28          
  29          void initPassword(){
  30   1          u8 i;
  31   1          curPos = 0;
  32   1          for(i = 0; i < 8; i++) {
  33   2              password[i] = DIS_;
  34   2          }
  35   1          password[8] = 0;
  36   1      }
  37          
  38          void main(void) {
  39   1      
  40   1      //    u8 send_buffer[2];
  41   1          u8 remoteKeyCode = 0;
  42   1          serial_init();
  43   1          key_init();
  44   1              initPassword();
  45   1      
  46   1          while(1)
  47   1          {
  48   2              // 检测是否收到数据
  49   2              if((TX1_Cnt != RX1_Cnt) && (!B_TX1_Busy))
  50   2              {
  51   3                  // 收到数据，并将数据中的键码赋给变量remoteKeyCode
  52   3                  remoteKeyCode = RX1_Buffer[TX1_Cnt];
  53   3                  if(++TX1_Cnt >= UART1_BUF_LENGTH)   TX1_Cnt = 0;
  54   3              }
  55   2      
C51 COMPILER V9.01   MAIN                                                                  12/04/2018 22:32:28 PAGE 2   

  56   2              if(B_1ms)
  57   2              {
  58   3                  B_1ms = 0;
  59   3                  if(++msecond >= 200)
  60   3                  {
  61   4                      msecond = 0;
  62   4                      switch(state) {
  63   5                          case STATE_INPUTTING:
  64   5                              DisplayInfo(password);
  65   5                              break;
  66   5                          case STATE_VALIAD:
  67   5                              DisplayInfo(info_true);
  68   5                              break;
  69   5                          case STATE_INVALIAD:
  70   5                              DisplayInfo(info_false);                        
  71   5                              break;
  72   5                          default: break;
  73   5                      }
  74   4                  }
  75   3      
  76   3                  if(++cnt50ms >= 50)
  77   3                  {
  78   4                      cnt50ms = 0;
  79   4                      IO_KeyScan();
  80   4                  }
  81   3      
  82   3                  if(KeyCode != 0)
  83   3                  {
  84   4                      if(state == STATE_INPUTTING && KeyCode >= 17 &&  KeyCode <= 26)              
  85   4                      {
  86   5                          password[curPos++] = KeyCode % 17;
  87   5                      } else if(KeyCode == 27) {
  88   5                          if(curPos == 8) {
  89   6                              PrintString1(password);
  90   6                          }
  91   5                      } else if(KeyCode == 28) {
  92   5                          state = STATE_INPUTTING;
  93   5                          initPassword();
  94   5                      }
  95   4                      KeyCode = 0;
  96   4                  }
  97   3      
  98   3                  if(remoteKeyCode != 0) {
  99   4      
 100   4                      if(remoteKeyCode == 't') {
 101   5                          state = STATE_VALIAD;
 102   5                      } else if (remoteKeyCode == 'f') {
 103   5                          state = STATE_INVALIAD;                    
 104   5                      }
 105   4      
 106   4                      remoteKeyCode = 0;
 107   4                  }
 108   3              }
 109   2          }
 110   1      }


MODULE INFORMATION:   STATIC OVERLAYABLE
   CODE SIZE        =   1309    ----
   CONSTANT SIZE    =     67    ----
   XDATA SIZE       =   ----    ----
   PDATA SIZE       =   ----    ----
C51 COMPILER V9.01   MAIN                                                                  12/04/2018 22:32:28 PAGE 3   

   DATA SIZE        =     49      23
   IDATA SIZE       =     32    ----
   BIT SIZE         =      2    ----
END OF MODULE INFORMATION.


C51 COMPILATION COMPLETE.  0 WARNING(S),  0 ERROR(S)
